2025-07-13 13:28:35 [[33mwarn[39m]: Email configuration not found, email service disabled
{
  "service": "hbm-svc",
  "environment": "production"
}
2025-07-13 13:28:35 [[33mwarn[39m]: Email configuration not found, email service disabled
{
  "service": "hbm-svc",
  "environment": "production"
}
2025-07-13 13:28:35 [[33mwarn[39m]: Email configuration not found, email service disabled
{
  "service": "hbm-svc",
  "environment": "production"
}
2025-07-13 13:28:35 [[33mwarn[39m]: Email configuration not found, email service disabled
{
  "service": "hbm-svc",
  "environment": "production"
}
2025-07-13 13:28:35 [[33mwarn[39m]: Email configuration not found, email service disabled
{
  "service": "hbm-svc",
  "environment": "production"
}
2025-07-13 13:28:35 [[33mwarn[39m]: Email configuration not found, email service disabled
{
  "service": "hbm-svc",
  "environment": "production"
}
2025-07-13 13:28:36 [[33mwarn[39m]: Email configuration not found, email service disabled
{
  "service": "hbm-svc",
  "environment": "production"
}
2025-07-13 13:37:22 [[33mwarn[39m]: Email configuration not found, email service disabled
{
  "service": "hbm-svc",
  "environment": "production"
}
2025-07-13 13:37:22 [[33mwarn[39m]: Email configuration not found, email service disabled
{
  "service": "hbm-svc",
  "environment": "production"
}
2025-07-13 13:37:22 [[33mwarn[39m]: Email configuration not found, email service disabled
{
  "service": "hbm-svc",
  "environment": "production"
}
2025-07-13 13:37:22 [[33mwarn[39m]: Email configuration not found, email service disabled
{
  "service": "hbm-svc",
  "environment": "production"
}
2025-07-13 13:37:22 [[33mwarn[39m]: Email configuration not found, email service disabled
{
  "service": "hbm-svc",
  "environment": "production"
}
2025-07-13 13:37:24 [[33mwarn[39m]: Email configuration not found, email service disabled
{
  "service": "hbm-svc",
  "environment": "production"
}
2025-07-13 13:43:44 [[33mwarn[39m]: Email configuration not found, email service disabled
{
  "service": "hbm-svc",
  "environment": "production"
}
2025-07-13 13:43:44 [[33mwarn[39m]: Email configuration not found, email service disabled
{
  "service": "hbm-svc",
  "environment": "production"
}
2025-07-13 13:43:44 [[33mwarn[39m]: Email configuration not found, email service disabled
{
  "service": "hbm-svc",
  "environment": "production"
}
2025-07-13 13:43:44 [[33mwarn[39m]: Email configuration not found, email service disabled
{
  "service": "hbm-svc",
  "environment": "production"
}
2025-07-13 13:43:44 [[33mwarn[39m]: Email configuration not found, email service disabled
{
  "service": "hbm-svc",
  "environment": "production"
}
2025-07-13 13:43:44 [[33mwarn[39m]: Email configuration not found, email service disabled
{
  "service": "hbm-svc",
  "environment": "production"
}
2025-07-13 13:43:45 [[33mwarn[39m]: Email configuration not found, email service disabled
{
  "service": "hbm-svc",
  "environment": "production"
}
2025-07-13 13:53:58 [[33mwarn[39m]: Email configuration not found, email service disabled
{
  "service": "hbm-svc",
  "environment": "production"
}
2025-07-13 13:53:58 [[33mwarn[39m]: Email configuration not found, email service disabled
{
  "service": "hbm-svc",
  "environment": "production"
}
2025-07-13 13:53:58 [[33mwarn[39m]: Email configuration not found, email service disabled
{
  "service": "hbm-svc",
  "environment": "production"
}
2025-07-13 13:53:58 [[33mwarn[39m]: Email configuration not found, email service disabled
{
  "service": "hbm-svc",
  "environment": "production"
}
2025-07-13 13:53:58 [[33mwarn[39m]: Email configuration not found, email service disabled
{
  "service": "hbm-svc",
  "environment": "production"
}
2025-07-13 13:53:58 [[33mwarn[39m]: Email configuration not found, email service disabled
{
  "service": "hbm-svc",
  "environment": "production"
}
2025-07-13 13:53:58 [[33mwarn[39m]: Email configuration not found, email service disabled
{
  "service": "hbm-svc",
  "environment": "production"
}
2025-07-13 13:53:59 [[33mwarn[39m]: Email configuration not found, email service disabled
{
  "service": "hbm-svc",
  "environment": "production"
}
2025-07-13 14:26:18 [[33mwarn[39m]: Email configuration not found, email service disabled
{
  "service": "hbm-svc",
  "environment": "production"
}
2025-07-13 14:26:18 [[33mwarn[39m]: Email configuration not found, email service disabled
{
  "service": "hbm-svc",
  "environment": "production"
}
2025-07-13 14:26:18 [[33mwarn[39m]: Email configuration not found, email service disabled
{
  "service": "hbm-svc",
  "environment": "production"
}
2025-07-13 14:26:18 [[33mwarn[39m]: Email configuration not found, email service disabled
{
  "service": "hbm-svc",
  "environment": "production"
}
2025-07-13 14:26:18 [[33mwarn[39m]: Email configuration not found, email service disabled
{
  "service": "hbm-svc",
  "environment": "production"
}
2025-07-13 14:26:18 [[33mwarn[39m]: Email configuration not found, email service disabled
{
  "service": "hbm-svc",
  "environment": "production"
}
2025-07-13 14:26:18 [[32minfo[39m]: Media storage service initialized
{
  "service": "hbm-svc",
  "environment": "production",
  "region": "us-east-1",
  "bucket": "huezo-s3-storage"
}
2025-07-13 14:26:18 [[33mwarn[39m]: Email configuration not found, email service disabled
{
  "service": "hbm-svc",
  "environment": "production"
}
2025-07-13 14:26:19 [[32minfo[39m]: Media storage service initialized
{
  "service": "hbm-svc",
  "environment": "production",
  "region": "us-east-1",
  "bucket": "huezo-s3-storage"
}
2025-07-13 14:26:18 [[32minfo[39m]: Media storage service initialized
{
  "service": "hbm-svc",
  "environment": "production",
  "region": "us-east-1",
  "bucket": "huezo-s3-storage"
}
2025-07-13 14:26:19 [[32minfo[39m]: Media storage service initialized
{
  "service": "hbm-svc",
  "environment": "production",
  "region": "us-east-1",
  "bucket": "huezo-s3-storage"
}
2025-07-13 14:26:19 [[32minfo[39m]: Media storage service initialized
{
  "service": "hbm-svc",
  "environment": "production",
  "region": "us-east-1",
  "bucket": "huezo-s3-storage"
}
2025-07-13 14:26:19 [[32minfo[39m]: Media storage service initialized
{
  "service": "hbm-svc",
  "environment": "production",
  "region": "us-east-1",
  "bucket": "huezo-s3-storage"
}
2025-07-13 14:26:19 [[32minfo[39m]: Media storage service initialized
{
  "service": "hbm-svc",
  "environment": "production",
  "region": "us-east-1",
  "bucket": "huezo-s3-storage"
}
2025-07-13 14:26:20 [[33mwarn[39m]: Email configuration not found, email service disabled
{
  "service": "hbm-svc",
  "environment": "production"
}
2025-07-13 14:26:20 [[32minfo[39m]: Media storage service initialized
{
  "service": "hbm-svc",
  "environment": "production",
  "region": "us-east-1",
  "bucket": "huezo-s3-storage"
}
2025-07-13 16:19:09 [[32minfo[39m]: Media storage service initialized
{
  "service": "hbm-svc",
  "environment": "production",
  "region": "us-east-1",
  "bucket": "huezo-s3-storage"
}
2025-07-13 16:19:09 [[32minfo[39m]: Media storage service initialized
{
  "service": "hbm-svc",
  "environment": "production",
  "region": "us-east-1",
  "bucket": "huezo-s3-storage"
}
2025-07-13 16:19:09 [[32minfo[39m]: Media storage service initialized
{
  "service": "hbm-svc",
  "environment": "production",
  "region": "us-east-1",
  "bucket": "huezo-s3-storage"
}
2025-07-13 16:19:09 [[33mwarn[39m]: Email configuration not found, email service disabled
{
  "service": "hbm-svc",
  "environment": "production"
}
2025-07-13 16:19:09 [[32minfo[39m]: Media storage service initialized
{
  "service": "hbm-svc",
  "environment": "production",
  "region": "us-east-1",
  "bucket": "huezo-s3-storage"
}
2025-07-13 16:19:09 [[32minfo[39m]: Media storage service initialized
{
  "service": "hbm-svc",
  "environment": "production",
  "region": "us-east-1",
  "bucket": "huezo-s3-storage"
}
2025-07-13 16:19:09 [[33mwarn[39m]: Email configuration not found, email service disabled
{
  "service": "hbm-svc",
  "environment": "production"
}
2025-07-13 16:19:09 [[32minfo[39m]: Media storage service initialized
{
  "service": "hbm-svc",
  "environment": "production",
  "region": "us-east-1",
  "bucket": "huezo-s3-storage"
}
2025-07-13 16:19:09 [[32minfo[39m]: Media storage service initialized
{
  "service": "hbm-svc",
  "environment": "production",
  "region": "us-east-1",
  "bucket": "huezo-s3-storage"
}
2025-07-13 16:19:09 [[33mwarn[39m]: Email configuration not found, email service disabled
{
  "service": "hbm-svc",
  "environment": "production"
}
2025-07-13 16:19:09 [[32minfo[39m]: Media storage service initialized
{
  "service": "hbm-svc",
  "environment": "production",
  "region": "us-east-1",
  "bucket": "huezo-s3-storage"
}
2025-07-13 16:19:09 [[32minfo[39m]: Media storage service initialized
{
  "service": "hbm-svc",
  "environment": "production",
  "region": "us-east-1",
  "bucket": "huezo-s3-storage"
}
2025-07-13 16:19:09 [[33mwarn[39m]: Email configuration not found, email service disabled
{
  "service": "hbm-svc",
  "environment": "production"
}
2025-07-13 16:19:09 [[32minfo[39m]: Media storage service initialized
{
  "service": "hbm-svc",
  "environment": "production",
  "region": "us-east-1",
  "bucket": "huezo-s3-storage"
}
2025-07-13 16:19:09 [[33mwarn[39m]: Email configuration not found, email service disabled
{
  "service": "hbm-svc",
  "environment": "production"
}
2025-07-13 16:19:09 [[32minfo[39m]: Media storage service initialized
{
  "service": "hbm-svc",
  "environment": "production",
  "region": "us-east-1",
  "bucket": "huezo-s3-storage"
}
2025-07-13 16:19:09 [[32minfo[39m]: Media storage service initialized
{
  "service": "hbm-svc",
  "environment": "production",
  "region": "us-east-1",
  "bucket": "huezo-s3-storage"
}
2025-07-13 16:19:09 [[33mwarn[39m]: Email configuration not found, email service disabled
{
  "service": "hbm-svc",
  "environment": "production"
}
2025-07-13 16:19:09 [[32minfo[39m]: Media storage service initialized
{
  "service": "hbm-svc",
  "environment": "production",
  "region": "us-east-1",
  "bucket": "huezo-s3-storage"
}
2025-07-13 16:19:09 [[33mwarn[39m]: Email configuration not found, email service disabled
{
  "service": "hbm-svc",
  "environment": "production"
}
2025-07-13 16:19:09 [[32minfo[39m]: Media storage service initialized
{
  "service": "hbm-svc",
  "environment": "production",
  "region": "us-east-1",
  "bucket": "huezo-s3-storage"
}
2025-07-13 16:19:10 [[32minfo[39m]: Media storage service initialized
{
  "service": "hbm-svc",
  "environment": "production",
  "region": "us-east-1",
  "bucket": "huezo-s3-storage"
}
2025-07-13 16:19:10 [[33mwarn[39m]: Email configuration not found, email service disabled
{
  "service": "hbm-svc",
  "environment": "production"
}
2025-07-13 16:19:10 [[32minfo[39m]: Media storage service initialized
{
  "service": "hbm-svc",
  "environment": "production",
  "region": "us-east-1",
  "bucket": "huezo-s3-storage"
}
2025-07-13 16:40:25 [[32minfo[39m]: Media storage service initialized
{
  "service": "hbm-svc",
  "environment": "production",
  "region": "us-east-1",
  "bucket": "huezo-s3-storage"
}
2025-07-13 16:40:25 [[32minfo[39m]: Media storage service initialized
{
  "service": "hbm-svc",
  "environment": "production",
  "region": "us-east-1",
  "bucket": "huezo-s3-storage"
}
2025-07-13 16:40:25 [[32minfo[39m]: Media storage service initialized
{
  "service": "hbm-svc",
  "environment": "production",
  "region": "us-east-1",
  "bucket": "huezo-s3-storage"
}
2025-07-13 16:40:25 [[32minfo[39m]: Email service initialized successfully
{
  "service": "hbm-svc",
  "environment": "production",
  "host": "smtp.gmail.com",
  "port": 587,
  "secure": true
}
2025-07-13 16:40:25 [[32minfo[39m]: Media storage service initialized
{
  "service": "hbm-svc",
  "environment": "production",
  "region": "us-east-1",
  "bucket": "huezo-s3-storage"
}
2025-07-13 16:40:25 [[32minfo[39m]: Media storage service initialized
{
  "service": "hbm-svc",
  "environment": "production",
  "region": "us-east-1",
  "bucket": "huezo-s3-storage"
}
2025-07-13 16:40:25 [[32minfo[39m]: Email service initialized successfully
{
  "service": "hbm-svc",
  "environment": "production",
  "host": "smtp.gmail.com",
  "port": 587,
  "secure": true
}
2025-07-13 16:40:25 [[32minfo[39m]: Media storage service initialized
{
  "service": "hbm-svc",
  "environment": "production",
  "region": "us-east-1",
  "bucket": "huezo-s3-storage"
}
2025-07-13 16:40:25 [[32minfo[39m]: Media storage service initialized
{
  "service": "hbm-svc",
  "environment": "production",
  "region": "us-east-1",
  "bucket": "huezo-s3-storage"
}
2025-07-13 16:40:25 [[32minfo[39m]: Email service initialized successfully
{
  "service": "hbm-svc",
  "environment": "production",
  "host": "smtp.gmail.com",
  "port": 587,
  "secure": true
}
2025-07-13 16:40:25 [[32minfo[39m]: Media storage service initialized
{
  "service": "hbm-svc",
  "environment": "production",
  "region": "us-east-1",
  "bucket": "huezo-s3-storage"
}
2025-07-13 16:40:25 [[32minfo[39m]: Media storage service initialized
{
  "service": "hbm-svc",
  "environment": "production",
  "region": "us-east-1",
  "bucket": "huezo-s3-storage"
}
2025-07-13 16:40:25 [[32minfo[39m]: Email service initialized successfully
{
  "service": "hbm-svc",
  "environment": "production",
  "host": "smtp.gmail.com",
  "port": 587,
  "secure": true
}
2025-07-13 16:40:25 [[32minfo[39m]: Media storage service initialized
{
  "service": "hbm-svc",
  "environment": "production",
  "region": "us-east-1",
  "bucket": "huezo-s3-storage"
}
2025-07-13 16:40:25 [[32minfo[39m]: Email service initialized successfully
{
  "service": "hbm-svc",
  "environment": "production",
  "host": "smtp.gmail.com",
  "port": 587,
  "secure": true
}
2025-07-13 16:40:25 [[32minfo[39m]: Media storage service initialized
{
  "service": "hbm-svc",
  "environment": "production",
  "region": "us-east-1",
  "bucket": "huezo-s3-storage"
}
2025-07-13 16:40:25 [[32minfo[39m]: Email service initialized successfully
{
  "service": "hbm-svc",
  "environment": "production",
  "host": "smtp.gmail.com",
  "port": 587,
  "secure": true
}
2025-07-13 16:40:25 [[32minfo[39m]: Media storage service initialized
{
  "service": "hbm-svc",
  "environment": "production",
  "region": "us-east-1",
  "bucket": "huezo-s3-storage"
}
2025-07-13 16:40:25 [[32minfo[39m]: Media storage service initialized
{
  "service": "hbm-svc",
  "environment": "production",
  "region": "us-east-1",
  "bucket": "huezo-s3-storage"
}
2025-07-13 16:40:25 [[32minfo[39m]: Email service initialized successfully
{
  "service": "hbm-svc",
  "environment": "production",
  "host": "smtp.gmail.com",
  "port": 587,
  "secure": true
}
2025-07-13 16:40:25 [[32minfo[39m]: Media storage service initialized
{
  "service": "hbm-svc",
  "environment": "production",
  "region": "us-east-1",
  "bucket": "huezo-s3-storage"
}
2025-07-13 16:40:26 [[32minfo[39m]: Media storage service initialized
{
  "service": "hbm-svc",
  "environment": "production",
  "region": "us-east-1",
  "bucket": "huezo-s3-storage"
}
2025-07-13 16:40:26 [[32minfo[39m]: Email service initialized successfully
{
  "service": "hbm-svc",
  "environment": "production",
  "host": "smtp.gmail.com",
  "port": 587,
  "secure": true
}
2025-07-13 16:40:26 [[32minfo[39m]: Media storage service initialized
{
  "service": "hbm-svc",
  "environment": "production",
  "region": "us-east-1",
  "bucket": "huezo-s3-storage"
}
2025-07-13 16:40:46 [[32minfo[39m]: Media storage service initialized
{
  "service": "hbm-svc",
  "environment": "production",
  "region": "us-east-1",
  "bucket": "huezo-s3-storage"
}
2025-07-13 16:40:46 [[32minfo[39m]: Media storage service initialized
{
  "service": "hbm-svc",
  "environment": "production",
  "region": "us-east-1",
  "bucket": "huezo-s3-storage"
}
2025-07-13 16:40:46 [[32minfo[39m]: Email service initialized successfully
{
  "service": "hbm-svc",
  "environment": "production",
  "host": "smtp.gmail.com",
  "port": 587,
  "secure": true
}
2025-07-13 16:40:46 [[32minfo[39m]: Media storage service initialized
{
  "service": "hbm-svc",
  "environment": "production",
  "region": "us-east-1",
  "bucket": "huezo-s3-storage"
}
2025-07-13 16:40:46 [[32minfo[39m]: Media storage service initialized
{
  "service": "hbm-svc",
  "environment": "production",
  "region": "us-east-1",
  "bucket": "huezo-s3-storage"
}
2025-07-13 16:40:46 [[32minfo[39m]: Email service initialized successfully
{
  "service": "hbm-svc",
  "environment": "production",
  "host": "smtp.gmail.com",
  "port": 587,
  "secure": true
}
2025-07-13 16:40:46 [[32minfo[39m]: Media storage service initialized
{
  "service": "hbm-svc",
  "environment": "production",
  "region": "us-east-1",
  "bucket": "huezo-s3-storage"
}
2025-07-13 16:40:46 [[32minfo[39m]: Media storage service initialized
{
  "service": "hbm-svc",
  "environment": "production",
  "region": "us-east-1",
  "bucket": "huezo-s3-storage"
}
2025-07-13 16:40:46 [[32minfo[39m]: Media storage service initialized
{
  "service": "hbm-svc",
  "environment": "production",
  "region": "us-east-1",
  "bucket": "huezo-s3-storage"
}
2025-07-13 16:40:46 [[32minfo[39m]: Media storage service initialized
{
  "service": "hbm-svc",
  "environment": "production",
  "region": "us-east-1",
  "bucket": "huezo-s3-storage"
}
2025-07-13 16:40:46 [[32minfo[39m]: Email service initialized successfully
{
  "service": "hbm-svc",
  "environment": "production",
  "host": "smtp.gmail.com",
  "port": 587,
  "secure": true
}
2025-07-13 16:40:46 [[32minfo[39m]: Media storage service initialized
{
  "service": "hbm-svc",
  "environment": "production",
  "region": "us-east-1",
  "bucket": "huezo-s3-storage"
}
2025-07-13 16:40:46 [[32minfo[39m]: Media storage service initialized
{
  "service": "hbm-svc",
  "environment": "production",
  "region": "us-east-1",
  "bucket": "huezo-s3-storage"
}
2025-07-13 16:40:46 [[32minfo[39m]: Email service initialized successfully
{
  "service": "hbm-svc",
  "environment": "production",
  "host": "smtp.gmail.com",
  "port": 587,
  "secure": true
}
2025-07-13 16:40:46 [[32minfo[39m]: Media storage service initialized
{
  "service": "hbm-svc",
  "environment": "production",
  "region": "us-east-1",
  "bucket": "huezo-s3-storage"
}
2025-07-13 16:40:46 [[32minfo[39m]: Email service initialized successfully
{
  "service": "hbm-svc",
  "environment": "production",
  "host": "smtp.gmail.com",
  "port": 587,
  "secure": true
}
2025-07-13 16:40:46 [[32minfo[39m]: Media storage service initialized
{
  "service": "hbm-svc",
  "environment": "production",
  "region": "us-east-1",
  "bucket": "huezo-s3-storage"
}
2025-07-13 16:40:46 [[32minfo[39m]: Email service initialized successfully
{
  "service": "hbm-svc",
  "environment": "production",
  "host": "smtp.gmail.com",
  "port": 587,
  "secure": true
}
2025-07-13 16:40:46 [[32minfo[39m]: Media storage service initialized
{
  "service": "hbm-svc",
  "environment": "production",
  "region": "us-east-1",
  "bucket": "huezo-s3-storage"
}
2025-07-13 16:40:46 [[32minfo[39m]: Email service initialized successfully
{
  "service": "hbm-svc",
  "environment": "production",
  "host": "smtp.gmail.com",
  "port": 587,
  "secure": true
}
2025-07-13 16:40:46 [[32minfo[39m]: Media storage service initialized
{
  "service": "hbm-svc",
  "environment": "production",
  "region": "us-east-1",
  "bucket": "huezo-s3-storage"
}
2025-07-13 16:40:47 [[32minfo[39m]: Media storage service initialized
{
  "service": "hbm-svc",
  "environment": "production",
  "region": "us-east-1",
  "bucket": "huezo-s3-storage"
}
2025-07-13 16:40:47 [[32minfo[39m]: Email service initialized successfully
{
  "service": "hbm-svc",
  "environment": "production",
  "host": "smtp.gmail.com",
  "port": 587,
  "secure": true
}
2025-07-13 16:40:47 [[32minfo[39m]: Media storage service initialized
{
  "service": "hbm-svc",
  "environment": "production",
  "region": "us-east-1",
  "bucket": "huezo-s3-storage"
}
2025-07-13 16:49:19 [[32minfo[39m]: Media storage service initialized
{
  "service": "hbm-svc",
  "environment": "production",
  "region": "us-east-1",
  "bucket": "huezo-s3-storage"
}
2025-07-13 16:49:19 [[32minfo[39m]: Email service initialized successfully
{
  "service": "hbm-svc",
  "environment": "production",
  "host": "smtp.gmail.com",
  "port": 587,
  "secure": true
}
2025-07-13 16:49:19 [[32minfo[39m]: Media storage service initialized
{
  "service": "hbm-svc",
  "environment": "production",
  "region": "us-east-1",
  "bucket": "huezo-s3-storage"
}
2025-07-13 16:49:19 [[32minfo[39m]: Media storage service initialized
{
  "service": "hbm-svc",
  "environment": "production",
  "region": "us-east-1",
  "bucket": "huezo-s3-storage"
}
2025-07-13 16:49:19 [[32minfo[39m]: Media storage service initialized
{
  "service": "hbm-svc",
  "environment": "production",
  "region": "us-east-1",
  "bucket": "huezo-s3-storage"
}
2025-07-13 16:49:19 [[32minfo[39m]: Email service initialized successfully
{
  "service": "hbm-svc",
  "environment": "production",
  "host": "smtp.gmail.com",
  "port": 587,
  "secure": true
}
2025-07-13 16:49:19 [[32minfo[39m]: Media storage service initialized
{
  "service": "hbm-svc",
  "environment": "production",
  "region": "us-east-1",
  "bucket": "huezo-s3-storage"
}
2025-07-13 16:49:19 [[32minfo[39m]: Media storage service initialized
{
  "service": "hbm-svc",
  "environment": "production",
  "region": "us-east-1",
  "bucket": "huezo-s3-storage"
}
2025-07-13 16:49:19 [[32minfo[39m]: Email service initialized successfully
{
  "service": "hbm-svc",
  "environment": "production",
  "host": "smtp.gmail.com",
  "port": 587,
  "secure": true
}
2025-07-13 16:49:19 [[32minfo[39m]: Media storage service initialized
{
  "service": "hbm-svc",
  "environment": "production",
  "region": "us-east-1",
  "bucket": "huezo-s3-storage"
}
2025-07-13 16:49:19 [[32minfo[39m]: Media storage service initialized
{
  "service": "hbm-svc",
  "environment": "production",
  "region": "us-east-1",
  "bucket": "huezo-s3-storage"
}
2025-07-13 16:49:19 [[32minfo[39m]: Email service initialized successfully
{
  "service": "hbm-svc",
  "environment": "production",
  "host": "smtp.gmail.com",
  "port": 587,
  "secure": true
}
2025-07-13 16:49:19 [[32minfo[39m]: Media storage service initialized
{
  "service": "hbm-svc",
  "environment": "production",
  "region": "us-east-1",
  "bucket": "huezo-s3-storage"
}
2025-07-13 16:49:19 [[32minfo[39m]: Media storage service initialized
{
  "service": "hbm-svc",
  "environment": "production",
  "region": "us-east-1",
  "bucket": "huezo-s3-storage"
}
2025-07-13 16:49:19 [[32minfo[39m]: Email service initialized successfully
{
  "service": "hbm-svc",
  "environment": "production",
  "host": "smtp.gmail.com",
  "port": 587,
  "secure": true
}
2025-07-13 16:49:19 [[32minfo[39m]: Media storage service initialized
{
  "service": "hbm-svc",
  "environment": "production",
  "region": "us-east-1",
  "bucket": "huezo-s3-storage"
}
2025-07-13 16:49:19 [[32minfo[39m]: Email service initialized successfully
{
  "service": "hbm-svc",
  "environment": "production",
  "host": "smtp.gmail.com",
  "port": 587,
  "secure": true
}
2025-07-13 16:49:19 [[32minfo[39m]: Media storage service initialized
{
  "service": "hbm-svc",
  "environment": "production",
  "region": "us-east-1",
  "bucket": "huezo-s3-storage"
}
2025-07-13 16:49:19 [[32minfo[39m]: Media storage service initialized
{
  "service": "hbm-svc",
  "environment": "production",
  "region": "us-east-1",
  "bucket": "huezo-s3-storage"
}
2025-07-13 16:49:19 [[32minfo[39m]: Email service initialized successfully
{
  "service": "hbm-svc",
  "environment": "production",
  "host": "smtp.gmail.com",
  "port": 587,
  "secure": true
}
2025-07-13 16:49:19 [[32minfo[39m]: Media storage service initialized
{
  "service": "hbm-svc",
  "environment": "production",
  "region": "us-east-1",
  "bucket": "huezo-s3-storage"
}
2025-07-13 16:49:21 [[32minfo[39m]: Media storage service initialized
{
  "service": "hbm-svc",
  "environment": "production",
  "region": "us-east-1",
  "bucket": "huezo-s3-storage"
}
2025-07-13 16:49:21 [[32minfo[39m]: Email service initialized successfully
{
  "service": "hbm-svc",
  "environment": "production",
  "host": "smtp.gmail.com",
  "port": 587,
  "secure": true
}
2025-07-13 16:49:21 [[32minfo[39m]: Media storage service initialized
{
  "service": "hbm-svc",
  "environment": "production",
  "region": "us-east-1",
  "bucket": "huezo-s3-storage"
}
2025-07-13 16:49:56 [[32minfo[39m]: Media storage service initialized
{
  "service": "hbm-svc",
  "environment": "production",
  "region": "us-east-1",
  "bucket": "huezo-s3-storage"
}
2025-07-13 16:49:56 [[32minfo[39m]: Media storage service initialized
{
  "service": "hbm-svc",
  "environment": "production",
  "region": "us-east-1",
  "bucket": "huezo-s3-storage"
}
2025-07-13 16:49:56 [[32minfo[39m]: Email service initialized successfully
{
  "service": "hbm-svc",
  "environment": "production",
  "host": "smtp.gmail.com",
  "port": 587,
  "secure": true
}
2025-07-13 16:49:56 [[32minfo[39m]: Media storage service initialized
{
  "service": "hbm-svc",
  "environment": "production",
  "region": "us-east-1",
  "bucket": "huezo-s3-storage"
}
2025-07-13 16:49:56 [[32minfo[39m]: Media storage service initialized
{
  "service": "hbm-svc",
  "environment": "production",
  "region": "us-east-1",
  "bucket": "huezo-s3-storage"
}
2025-07-13 16:49:56 [[32minfo[39m]: Email service initialized successfully
{
  "service": "hbm-svc",
  "environment": "production",
  "host": "smtp.gmail.com",
  "port": 587,
  "secure": true
}
2025-07-13 16:49:56 [[32minfo[39m]: Media storage service initialized
{
  "service": "hbm-svc",
  "environment": "production",
  "region": "us-east-1",
  "bucket": "huezo-s3-storage"
}
2025-07-13 16:49:56 [[32minfo[39m]: Media storage service initialized
{
  "service": "hbm-svc",
  "environment": "production",
  "region": "us-east-1",
  "bucket": "huezo-s3-storage"
}
2025-07-13 16:49:56 [[32minfo[39m]: Media storage service initialized
{
  "service": "hbm-svc",
  "environment": "production",
  "region": "us-east-1",
  "bucket": "huezo-s3-storage"
}
2025-07-13 16:49:56 [[32minfo[39m]: Email service initialized successfully
{
  "service": "hbm-svc",
  "environment": "production",
  "host": "smtp.gmail.com",
  "port": 587,
  "secure": true
}
2025-07-13 16:49:56 [[32minfo[39m]: Media storage service initialized
{
  "service": "hbm-svc",
  "environment": "production",
  "region": "us-east-1",
  "bucket": "huezo-s3-storage"
}
2025-07-13 16:49:56 [[32minfo[39m]: Email service initialized successfully
{
  "service": "hbm-svc",
  "environment": "production",
  "host": "smtp.gmail.com",
  "port": 587,
  "secure": true
}
2025-07-13 16:49:56 [[32minfo[39m]: Media storage service initialized
{
  "service": "hbm-svc",
  "environment": "production",
  "region": "us-east-1",
  "bucket": "huezo-s3-storage"
}
2025-07-13 16:49:56 [[32minfo[39m]: Media storage service initialized
{
  "service": "hbm-svc",
  "environment": "production",
  "region": "us-east-1",
  "bucket": "huezo-s3-storage"
}
2025-07-13 16:49:56 [[32minfo[39m]: Email service initialized successfully
{
  "service": "hbm-svc",
  "environment": "production",
  "host": "smtp.gmail.com",
  "port": 587,
  "secure": true
}
2025-07-13 16:49:56 [[32minfo[39m]: Media storage service initialized
{
  "service": "hbm-svc",
  "environment": "production",
  "region": "us-east-1",
  "bucket": "huezo-s3-storage"
}
2025-07-13 16:49:57 [[32minfo[39m]: Media storage service initialized
{
  "service": "hbm-svc",
  "environment": "production",
  "region": "us-east-1",
  "bucket": "huezo-s3-storage"
}
2025-07-13 16:49:57 [[32minfo[39m]: Email service initialized successfully
{
  "service": "hbm-svc",
  "environment": "production",
  "host": "smtp.gmail.com",
  "port": 587,
  "secure": true
}
2025-07-13 16:49:57 [[32minfo[39m]: Media storage service initialized
{
  "service": "hbm-svc",
  "environment": "production",
  "region": "us-east-1",
  "bucket": "huezo-s3-storage"
}
2025-07-13 16:49:57 [[32minfo[39m]: Email service initialized successfully
{
  "service": "hbm-svc",
  "environment": "production",
  "host": "smtp.gmail.com",
  "port": 587,
  "secure": true
}
2025-07-13 16:49:57 [[32minfo[39m]: Media storage service initialized
{
  "service": "hbm-svc",
  "environment": "production",
  "region": "us-east-1",
  "bucket": "huezo-s3-storage"
}
2025-07-13 16:49:58 [[32minfo[39m]: Media storage service initialized
{
  "service": "hbm-svc",
  "environment": "production",
  "region": "us-east-1",
  "bucket": "huezo-s3-storage"
}
2025-07-13 16:49:58 [[32minfo[39m]: Email service initialized successfully
{
  "service": "hbm-svc",
  "environment": "production",
  "host": "smtp.gmail.com",
  "port": 587,
  "secure": true
}
2025-07-13 16:49:58 [[32minfo[39m]: Media storage service initialized
{
  "service": "hbm-svc",
  "environment": "production",
  "region": "us-east-1",
  "bucket": "huezo-s3-storage"
}
